----------------------------------------------------------------------------------------------------
<RequestsCookieJar[<Cookie login-user=fycjmingxing for .bbs.byr.cn/>, <Cookie nforum[PASSWORD]=EfB0Gy0o6IeuhB5MLcOD0Q%3D%3D for .bbs.byr.cn/>, <Cookie nforum[UTMPKEY]=6381390 for .bbs.byr.cn/>, <Cookie nforum[UTMPNUM]=6653 for .bbs.byr.cn/>, <Cookie nforum[UTMPUSERID]=fycjmingxing for .bbs.byr.cn/>]>
----------------------------------------------------------------------------------------------------
<!DOCTYPE html><html><head><meta charset="GBK"><meta name="keywords" content="北邮人论坛,北邮人,BYR,nforum,北京邮电大学,北邮,BUPT,论坛,BBS,xw2423" /><meta name="description" content="北京邮电大学BBS" /><meta name="author" content="xw2423@BYR" /><title>北邮人论坛-北邮人的温馨家园</title><link rel="shortcut icon" type="image/x-icon" href="https://bbs.byr.cn/favicon.ico"><!--[if lt IE 9]><script src="https://bbs.byr.cn/js/html5.js"></script><![endif]--><link rel="stylesheet" type="text/css" href="https://bbs.byr.cn/css/pack_beb65b693f.css" /></head><body><header id="top_head"><aside id="top_menu"><ul><li><a href="/board/Cooperation">合作交流</a></li><li><a href="/board/BBShelp">论坛帮助</a></li><li><a href="/forum/flink">友情链接</a></li><li><a href="/board/Advice">意见建议</a></li><li><a href="/reset">忘记密码</a></li></ul></aside><figure id="top_logo"><a href="/default"><img src="https://bbs.byr.cn/img/logo.gif" /></a></figure><article id="ban_ner"><div id="ban_ner_wrapper"><ul><li><a href="javascript:void(0);"><img src="https://bbs.byr.cn/files/imgupload/2023-01-03-09-49-27.jpg" alt="2023" width="600px" height="80px" /></a></li></ul></div></article></header><aside id="menu" class="m-hide"><section id="u_login" class="corner"><script id="tmpl_u_login" type="text/template"><form action="/login" method="post" id="u_login_form"><div class="u-login-input"><input type="text" id="u_login_id" class="input-text input" name="id" placeholder="用户名"/></div><div class="u-login-input"><input type="password" id="u_login_passwd" class="input-text input" name="passwd" placeholder="密码"/></div><div class="u-login-check"><input type="checkbox" id="u_login_cookie" name="CookieDate" value="2"/><label for="u_login_cookie">下次自动登录</label></div><div class="u-login-op"><input type="submit" id="u_login_submit" class="submit" value="登录" /><input class="submit" type="button" value="注册" id="u_login_reg"/></div></form></script><script id="tmpl_u_login_info" type="text/template"><div class="u-login-id"><samp class="ico-pos-cdot"></samp>欢迎<a href="/user/query/<%=id%>" title="<%=id%>"><%=id.length<11?id:(id.substr(0,10)+'...')%></a></div><ul class="u-login-list"><li><a href="/mail" id="m_inbox">我的收件箱<%if (full_mail){%><span class="new_mail">(满!)</span><%}else if(new_mail){%><span class="new_mail">(新)</span><%}%></a></li><%if(typeof new_at !== 'undefined' && false !== new_at){%><li><a href="/refer/at" id="m_at">@我的文章</a><%if(new_at>0){%><span class="new_mail">(<%=new_at%>)</span><%}%></a></li><%}%><%if(typeof new_reply !== 'undefined' && false !== new_reply){%><li><a href="/refer/reply" id="m_reply">回复我的文章</a><%if(new_reply>0){%><span class="new_mail">(<%=new_reply%>)</span><%}%></a></li><%}%><li><a href="/collection" id="u_fav">我的收录文章</a></li><li><a href="/fav" id="u_fav">我的收藏夹</a></li><li><a href="/widget/add">个性首页设置</a></li><li><a href="javascript:void(0)" id="u_login_out">退出登录</a></li></ul></script></section><div id="left_line"><samp class="ico-pos-hide"></samp></div><nav id="xlist" class="corner"><script id="tmpl_left_nav" type="text/template"><ul><li class="slist"><span class="x-folder"><span class="toggler"></span><a href="javascript:void(0);">全部讨论区</a></span><ul class="x-child ajax"><li>{url:/section/ajax_list.json?uid=<%=id%>&root=list-section}</li></ul></li><%if(is_login){ %><li class="flist"><span class="x-folder"><span class="toggler"></span><a href="javascript:void(0);">我的收藏夹</a></span><ul id="list-favor" class="x-child ajax"><li>{url:/favor/ajax_list.json?uid=<%=id%>&root=list-favor}</li></ul></li><%}%><li class="clist"><span class="x-folder"><span class="toggler"></span><a href="javascript:void(0)">控制面板</a></span><ul class="x-child" id="list-control"><%if(is_login){%><%if(!is_register){%><li class="leaf"><span class="text"><a href="/reg/form"><samp class="ico-pos-dot"></samp>填写注册单</a></span></li><%}%><li class="leaf"><span class="text"><a href="/user/info" ><samp class="ico-pos-dot"></samp>基本资料修改</a></span></li><li class="leaf"><span class="text"><a href="/user/passwd" ><samp class="ico-pos-dot"></samp>昵称密码修改</a></span></li><li class="leaf"><span class="text"><a href="/user/custom" ><samp class="ico-pos-dot"></samp>用户自定义参数</a></span></li><li class="leaf"><span class="text"><a href="/refer" ><samp class="ico-pos-dot"></samp>文章提醒</a></span></li><li class="leaf"><span class="text"><a href="/friend" ><samp class="ico-pos-dot"></samp>好友/黑名单</a></span></li><li class="leaf"><span class="text"><a href="/fav" ><samp class="ico-pos-dot"></samp>收藏版面</a></span></li><li class="leaf"><span class="text"><a href="/forum/online" ><samp class="ico-pos-dot"></samp>在线用户</a></span></li><%}%><li class="leaf"><span class="text"><a href="/user/query" id="u_query"><samp class="ico-pos-dot"></samp>查询用户</a></span></li><li class="leaf"><span class="text"><a href="/s" ><samp class="ico-pos-dot"></samp>搜索文章</a></span></li></ul></li><li><span class="x-leaf"><span class="toggler"></span><a href="http://weibo.com/byrbbs" target="_blank">北邮人论坛微博</a></span></li><li><span class="x-leaf"><span class="toggler"></span><a href="/bmvote">优秀版主评选</a></span></li><li><span class="x-leaf"><span class="toggler"></span><a href="/vote">投票系统</a></span></li><li><span class="x-leaf"><span class="toggler"></span><a href="/bet">竞猜系统</a></span></li><li><span class="x-leaf"><span class="toggler"></span><a href="/score">积分系统</a></span></li><li><span class="x-leaf"><span class="toggler"></span><a href="/article/Announce/261" target="_blank">手机客户端</a></span></li><li><span class="x-leaf"><span class="toggler"></span><a href="/n" target="_blank">手机版</a></span></li><li><span class="x-leaf"><span class="toggler"></span><a href="/design">北邮人设计</a></span></li><li><span class="x-leaf"><span class="toggler"></span><a href="/elite/path">精华区</a></span></li><li><span class="x-leaf"><span class="toggler"></span><a href="telnet://bbs.byr.cn" target="_blank">Telnet登录</a></span></li><li><span class="x-leaf x-search"><span class="toggler"></span><input type="text" class="input-text" placeholder="搜索讨论区" id="b_search" x-webkit-speech lang="zh-CN"/></span></li></ul></script></nav><section id="left_adv"><a href="https://bbs.byr.cn/article/Announce/261" target="_blank"><img src="https://bbs.byr.cn/files/imgupload/2015-11-20-14-06-13.jpg" /></a><a href="http://e.weibo.com/byrbbs" target="_blank"><img src="https://bbs.byr.cn/files/imgupload/2013-04-02-17-35-40.jpg" /></a><a href="http://bbs.byr.cn/article/Focus/39660" target="_blank"><img src="https://bbs.byr.cn/files/imgupload/2011-03-14-13-52-06.jpg" /></a><a href="http://bbs.byr.cn/board/JobInfo" target="_blank"><img src="https://bbs.byr.cn/files/imgupload/2009-11-22-12-15-26.png" /></a></section></aside><section id="main" class="corner"><nav id="notice" class="corner"><div id="notice_nav"><a href="/default">北邮人论坛</a></div></nav><section id="body" class="corner"></section></section><div class="clearfix" style="width:100%"></div><footer id="bot_foot"><figure id="bot_logo"><a href="/default"><img src="https://bbs.byr.cn/img/logo_footer.gif" /></a></figure><aside id='bot_info'><span style="color:#ecf4fd"> The rest is silence. </span><!--当前总共<span class="c-total">3244</span>人在线&ensp;注册用户<span class="c-user">970</span>人,访客<span class="c-guest">2274</span>人 <--><br />powered by BYR-Team<span class="copyright">&copy;</span>2009-2023.<br />all rights reserved</aside></footer><figure id="nforum_tips">加载中..</figure><script id="tmpl_user" type="text/template"><section class="u-query"><%if(id){%><header class="u-name"><span><%=id%></span><%if(session_login){%><a href="/mail/send?id=<%=id%>" id="u_query_mail">发问候信</a>|<a href="javascript:void(0)" id="u_query_add">加为好友</a><%}%></header><article class="u-info"><header>基本信息</header><figure><img src="<%-face_url%>"<%if(face_width != 0){%> width="<%=face_width%>px"<%}%><%if(face_height != 0){%> height="<%=face_height%>px"<%}%> /></figure><dl><dt>昵 称：</dt><dd><%-user_name%></dd><%if(id == session_id || !is_hide || session_is_admin){%><dt>性 别：</dt><dd><%if(gender=='m'){%>男生<%}else{%>女生<%}%></dd><dt>星 座：</dt><dd><%=astro%></dd><%}%><dt>QQ：</dt><dd><%-qq%></dd><dt>MSN：</dt><dd><%-msn%></dd><dt>主 页：</dt><dd><%-home_page%></dd></dl></article><div class="clearfix"></div><article class="u-info u-detail"><header>论坛属性</header><dl class=""><dt>论坛等级：</dt><dd><%=level%></dd><dt><strong>特殊头衔</strong>：</dt><dd><%=title%></dd><dt>帖子总数：</dt><dd><%=post_count%>篇</dd><dt>积分：</dt><dd><%=score%></dd><%if(id == session_id || session_is_admin){%><dt>用户身份：</dt><dd><%=role%></dd><dt>登陆次数：</dt><dd><%=login_count%></dd><%}%><dt>生命力：</dt><dd><%=life%></dd><%if(id == session_id || session_is_admin){%><dt>注册时间：</dt><dd><%=first_login_time%></dd><%}%><dt>上次登录：</dt><dd><%=last_login_time%></dd><dt>最后访问IP：</dt><dd><%=last_login_ip%></dd><dt>当前状态：</dt><dd><%=status%></dd></dl></article><%}%><footer class="u-search"><form method="get"><label>查询用户:</label><input class="input-text" id="u_search_u"type="text" value="" /><input class="button" id="u_query_search" type="submit" value="查询" /></form></footer></section></script><script type="text/javascript">var sys_merge={"mWidth":1000,"iframe":false,"allowFrame":"","session":{"timeout":30},"redirect":3,"keyboard":true,"domain":"bbs.byr.cn","cookie_domain":"bbs.byr.cn","base":"","prefix":"nforum","home":"/default","static":"https://bbs.byr.cn","uid":"fycjmingxing"};</script><script type="text/javascript" src="https://bbs.byr.cn/js/pack_f837b939bd.js"></script><script type="text/javascript" src="https://bbs.byr.cn/sh/scripts/shCore.js"></script><script type="text/javascript" src="https://bbs.byr.cn/sh/scripts/shAutoloader.js"></script><script type="text/javascript" src="https://bbs.byr.cn/js/mdrender.js"></script><script>front_startup()</script><!--[if IE 6]><script type="text/javascript" src="https://bbs.byr.cn/js/letskillie6.zh_CN.js"></script><![endif]--></body></html>
----------------------------------------------------------------------------------------------------
{'Server': 'nginx/1.10.0', 'Date': 'Sun, 08 Jan 2023 16:00:58 GMT', 'Content-Type': 'text/html;charset=GBK', 'Transfer-Encoding': 'chunked', 'Connection': 'keep-alive', 'Vary': 'Accept-Encoding', 'X-Powered-By': 'PHP/5.6.30', 'Set-Cookie': 'nforum[UTMPKEY]=6381390; path=/; domain=bbs.byr.cn, nforum[UTMPNUM]=6653; path=/; domain=bbs.byr.cn', 'Content-Encoding': 'gzip'}
----------------------------------------------------------------------------------------------------
[{"t":"<a href=\"/favorpost\" >文章推送</a>"},{"t":"<a href=\"/board/ACM_ICPC\" title=\"算法与程序设计竞赛\">算法与程序设计竞赛</a>"},{"t":"<a href=\"/board/Advertising\" title=\"跳蚤市场\">跳蚤市场</a>"},{"t":"<a href=\"/board/BookTrade\" title=\"二手书交易\">二手书交易</a>"},{"t":"<a href=\"/board/ComputerTrade\" title=\"电脑数码交易\">电脑数码交易</a>"},{"t":"<a href=\"/board/CPP\" title=\"C/C++程序设计语言\">C/C++程序设计语言</a>"},{"t":"<a href=\"/board/GoAbroad\" title=\"飞跃重洋\">飞跃重洋</a>"},{"t":"<a href=\"/board/Gymnasium\" title=\"健身房\">健身房</a>"},{"t":"<a href=\"/board/Home\" title=\"安居乐业\">安居乐业</a>"},{"t":"<a href=\"/board/Job\" title=\"毕业生找工作\">毕业生找工作</a>"},{"t":"<a href=\"/board/JobInfo\" title=\"招聘信息专版\">招聘信息专版</a>"},{"t":"<a href=\"/board/Jump\" title=\"跳槽就业\">跳槽就业</a>"},{"t":"<a href=\"/board/ML_DM\" title=\"机器学习与数据挖掘\">机器学习与数据挖掘</a>"},{"t":"<a href=\"/board/ParttimeJob\" title=\"兼职实习信息\">兼职实习信息</a>"},{"t":"<a href=\"/board/Selfsupport\" title=\"助学之家\">助学之家</a>"},{"t":"<a href=\"/board/Travel\" title=\"海天游踪\">海天游踪</a>"},{"t":"<a href=\"/board/WorkLife\" title=\"职场人生\">职场人生</a>"}]
----------------------------------------------------------------------------------------------------
{'Server': 'nginx/1.10.0', 'Date': 'Sun, 08 Jan 2023 16:01:31 GMT', 'Content-Type': 'application/json;charset=GBK', 'Transfer-Encoding': 'chunked', 'Connection': 'keep-alive', 'Vary': 'Accept-Encoding', 'X-Powered-By': 'PHP/5.6.30', 'Pragma': 'no-cache', 'Last-Modified': 'Mon, 15 Aug 2022 16:32:07 GMT', 'Expires': 'Sun, 08 Jan 2023 16:01:31 GMT', 'Cache-Control': 'max-age=0', 'Content-Encoding': 'gzip'}
----------------------------------------------------------------------------------------------------
<RequestsCookieJar[<Cookie login-user=fycjmingxing for .bbs.byr.cn/>, <Cookie nforum[PASSWORD]=EfB0Gy0o6IeuhB5MLcOD0Q%3D%3D for .bbs.byr.cn/>, <Cookie nforum[UTMPKEY]=6381390 for .bbs.byr.cn/>, <Cookie nforum[UTMPNUM]=6653 for .bbs.byr.cn/>, <Cookie nforum[UTMPUSERID]=fycjmingxing for .bbs.byr.cn/>]>
Traceback (most recent call last):
  File "/usr/local/lib/python3.9/site-packages/urllib3/connectionpool.py", line 703, in urlopen
    httplib_response = self._make_request(
  File "/usr/local/lib/python3.9/site-packages/urllib3/connectionpool.py", line 449, in _make_request
    six.raise_from(e, None)
  File "<string>", line 3, in raise_from
  File "/usr/local/lib/python3.9/site-packages/urllib3/connectionpool.py", line 444, in _make_request
    httplib_response = conn.getresponse()
  File "/usr/local/Cellar/python@3.9/3.9.9/Frameworks/Python.framework/Versions/3.9/lib/python3.9/http/client.py", line 1377, in getresponse
    response.begin()
  File "/usr/local/Cellar/python@3.9/3.9.9/Frameworks/Python.framework/Versions/3.9/lib/python3.9/http/client.py", line 320, in begin
    version, status, reason = self._read_status()
  File "/usr/local/Cellar/python@3.9/3.9.9/Frameworks/Python.framework/Versions/3.9/lib/python3.9/http/client.py", line 281, in _read_status
    line = str(self.fp.readline(_MAXLINE + 1), "iso-8859-1")
  File "/usr/local/Cellar/python@3.9/3.9.9/Frameworks/Python.framework/Versions/3.9/lib/python3.9/socket.py", line 704, in readinto
    return self._sock.recv_into(b)
  File "/usr/local/Cellar/python@3.9/3.9.9/Frameworks/Python.framework/Versions/3.9/lib/python3.9/ssl.py", line 1241, in recv_into
    return self.read(nbytes, buffer)
  File "/usr/local/Cellar/python@3.9/3.9.9/Frameworks/Python.framework/Versions/3.9/lib/python3.9/ssl.py", line 1099, in read
    return self._sslobj.read(len, buffer)
OSError: [Errno 65] No route to host

During handling of the above exception, another exception occurred:

Traceback (most recent call last):
  File "/usr/local/lib/python3.9/site-packages/requests/adapters.py", line 440, in send
    resp = conn.urlopen(
  File "/usr/local/lib/python3.9/site-packages/urllib3/connectionpool.py", line 785, in urlopen
    retries = retries.increment(
  File "/usr/local/lib/python3.9/site-packages/urllib3/util/retry.py", line 550, in increment
    raise six.reraise(type(error), error, _stacktrace)
  File "/usr/local/lib/python3.9/site-packages/urllib3/packages/six.py", line 769, in reraise
    raise value.with_traceback(tb)
  File "/usr/local/lib/python3.9/site-packages/urllib3/connectionpool.py", line 703, in urlopen
    httplib_response = self._make_request(
  File "/usr/local/lib/python3.9/site-packages/urllib3/connectionpool.py", line 449, in _make_request
    six.raise_from(e, None)
  File "<string>", line 3, in raise_from
  File "/usr/local/lib/python3.9/site-packages/urllib3/connectionpool.py", line 444, in _make_request
    httplib_response = conn.getresponse()
  File "/usr/local/Cellar/python@3.9/3.9.9/Frameworks/Python.framework/Versions/3.9/lib/python3.9/http/client.py", line 1377, in getresponse
    response.begin()
  File "/usr/local/Cellar/python@3.9/3.9.9/Frameworks/Python.framework/Versions/3.9/lib/python3.9/http/client.py", line 320, in begin
    version, status, reason = self._read_status()
  File "/usr/local/Cellar/python@3.9/3.9.9/Frameworks/Python.framework/Versions/3.9/lib/python3.9/http/client.py", line 281, in _read_status
    line = str(self.fp.readline(_MAXLINE + 1), "iso-8859-1")
  File "/usr/local/Cellar/python@3.9/3.9.9/Frameworks/Python.framework/Versions/3.9/lib/python3.9/socket.py", line 704, in readinto
    return self._sock.recv_into(b)
  File "/usr/local/Cellar/python@3.9/3.9.9/Frameworks/Python.framework/Versions/3.9/lib/python3.9/ssl.py", line 1241, in recv_into
    return self.read(nbytes, buffer)
  File "/usr/local/Cellar/python@3.9/3.9.9/Frameworks/Python.framework/Versions/3.9/lib/python3.9/ssl.py", line 1099, in read
    return self._sslobj.read(len, buffer)
urllib3.exceptions.ProtocolError: ('Connection aborted.', OSError(65, 'No route to host'))

During handling of the above exception, another exception occurred:

Traceback (most recent call last):
  File "/Users/zhaomingxing/github/python_demo_and_tool/tools/bbs_crawler/login.py", line 342, in <module>
    open_parttime_job(s)
  File "/Users/zhaomingxing/github/python_demo_and_tool/tools/bbs_crawler/login.py", line 103, in open_parttime_job
    response = session.get(url, headers=headers, data=payload)
  File "/usr/local/lib/python3.9/site-packages/requests/sessions.py", line 542, in get
    return self.request('GET', url, **kwargs)
  File "/usr/local/lib/python3.9/site-packages/requests/sessions.py", line 529, in request
    resp = self.send(prep, **send_kwargs)
  File "/usr/local/lib/python3.9/site-packages/requests/sessions.py", line 645, in send
    r = adapter.send(request, **kwargs)
  File "/usr/local/lib/python3.9/site-packages/requests/adapters.py", line 501, in send
    raise ConnectionError(err, request=request)
requests.exceptions.ConnectionError: ('Connection aborted.', OSError(65, 'No route to host'))
